<?xml version="1.0" encoding="UTF-8"?>
<testng-results skipped="0" failed="0" total="1" passed="1">
  <reporter-output>
  </reporter-output>
  <suite name="Default suite" duration-ms="548" started-at="2020-01-24T07:50:12Z" finished-at="2020-01-24T07:50:13Z">
    <groups>
    </groups>
    <test name="Default test" duration-ms="548" started-at="2020-01-24T07:50:12Z" finished-at="2020-01-24T07:50:13Z">
      <class name="com.tests.FruitReports">
        <test-method status="PASS" signature="fruitReport()[pri:0, instance:com.tests.FruitReports@7c0e2abd]" name="fruitReport" duration-ms="533" started-at="2020-01-24T13:20:12Z" finished-at="2020-01-24T13:20:13Z">
          <reporter-output>
          </reporter-output>
        </test-method> <!-- fruitReport -->
      </class> <!-- com.tests.FruitReports -->
    </test> <!-- Default test -->
  </suite> <!-- Default suite -->
</testng-results>
